2024-10-14T20:17:51.253Z error: Error generado a propósito en la ruta :: Error: Error generado a propósito en la ruta
    at Object.<anonymous> (D:\Trabajo Infonavit Ultra\Codigo Infornavit\SGBF\back-catalogos-bitacoras\src\service\catalogoService.ts:16:15)
    at Generator.next (<anonymous>)
    at fulfilled (D:\Trabajo Infonavit Ultra\Codigo Infornavit\SGBF\back-catalogos-bitacoras\src\service\catalogoService.ts:5:58)[POST :: /catalogo/modulo_aplicativo :: ::1]
2024-10-14T20:20:51.757Z error: Error generado a propósito en la ruta :: Error: Error generado a propósito en la ruta
    at Object.<anonymous> (D:\Trabajo Infonavit Ultra\Codigo Infornavit\SGBF\back-catalogos-bitacoras\src\service\catalogoService.ts:16:15)
    at Generator.next (<anonymous>)
    at fulfilled (D:\Trabajo Infonavit Ultra\Codigo Infornavit\SGBF\back-catalogos-bitacoras\src\service\catalogoService.ts:5:58)
[POST :: /catalogo/modulo_aplicativo :: ::1]
2024-10-14T20:21:45.448Z error: Error generado a propósito en la ruta :: Error: Error generado a propósito en la ruta
    at Object.<anonymous> (D:\Trabajo Infonavit Ultra\Codigo Infornavit\SGBF\back-catalogos-bitacoras\src\service\catalogoService.ts:16:15)
    at Generator.next (<anonymous>)
    at fulfilled (D:\Trabajo Infonavit Ultra\Codigo Infornavit\SGBF\back-catalogos-bitacoras\src\service\catalogoService.ts:5:58)
[POST :: /catalogo/modulo_aplicativo :: ::1]
2024-10-14T20:24:04.442Z error: Error generado a propósito en la ruta :: Error: Error generado a propósito en la ruta
    at Object.<anonymous> (D:\Trabajo Infonavit Ultra\Codigo Infornavit\SGBF\back-catalogos-bitacoras\src\service\catalogoService.ts:16:15)
    at Generator.next (<anonymous>)
    at fulfilled (D:\Trabajo Infonavit Ultra\Codigo Infornavit\SGBF\back-catalogos-bitacoras\src\service\catalogoService.ts:5:58)
[POST :: /catalogo/modulo_aplicativo :: ::1]
2024-10-14T20:28:46.626Z error: Error generado a propósito en la ruta :: Error: Error generado a propósito en la ruta
    at Object.<anonymous> (D:\Trabajo Infonavit Ultra\Codigo Infornavit\SGBF\back-catalogos-bitacoras\src\service\catalogoService.ts:16:15)
    at Generator.next (<anonymous>)
    at fulfilled (D:\Trabajo Infonavit Ultra\Codigo Infornavit\SGBF\back-catalogos-bitacoras\src\service\catalogoService.ts:5:58)
[POST :: /catalogo/modulo_aplicativo :: ::1]
2024-10-14T20:31:04.820Z error: Error generado a propósito en la ruta :: Error: Error generado a propósito en la ruta
    at Object.<anonymous> (D:\Trabajo Infonavit Ultra\Codigo Infornavit\SGBF\back-catalogos-bitacoras\src\service\catalogoService.ts:16:15)
    at Generator.next (<anonymous>)
    at fulfilled (D:\Trabajo Infonavit Ultra\Codigo Infornavit\SGBF\back-catalogos-bitacoras\src\service\catalogoService.ts:5:58)
[POST :: /catalogo/modulo_aplicativo :: ::1]
2024-10-14T20:37:16.139Z error: Error: Error generado a propósito en la ruta
    at Object.<anonymous> (D:\Trabajo Infonavit Ultra\Codigo Infornavit\SGBF\back-catalogos-bitacoras\src\service\catalogoService.ts:21:15)
    at Generator.next (<anonymous>)
    at fulfilled (D:\Trabajo Infonavit Ultra\Codigo Infornavit\SGBF\back-catalogos-bitacoras\src\service\catalogoService.ts:5:58)
[POST :: /catalogo/modulo_aplicativo :: ::1]
error: 2024-10-14T20:39:54.125Z Error: Error generado a propósito en la ruta
    at Object.<anonymous> (D:\Trabajo Infonavit Ultra\Codigo Infornavit\SGBF\back-catalogos-bitacoras\src\service\catalogoService.ts:21:15)
    at Generator.next (<anonymous>)
    at fulfilled (D:\Trabajo Infonavit Ultra\Codigo Infornavit\SGBF\back-catalogos-bitacoras\src\service\catalogoService.ts:5:58)
[POST :: /catalogo/modulo_aplicativo :: ::1]
error: 2024-10-14T20:41:03.314Z Error: Generado a propósito en la ruta
    at Object.<anonymous> (D:\Trabajo Infonavit Ultra\Codigo Infornavit\SGBF\back-catalogos-bitacoras\src\service\catalogoService.ts:21:15)
    at Generator.next (<anonymous>)
    at fulfilled (D:\Trabajo Infonavit Ultra\Codigo Infornavit\SGBF\back-catalogos-bitacoras\src\service\catalogoService.ts:5:58)
[POST :: /catalogo/modulo_aplicativo :: ::1]
